<?xml version="1.0" encoding="UTF-8"?>
<!-- Generated by org.testng.reporters.JUnitReportReporter -->
<testsuite skipped="0" hostname="DESKTOP-2H67DNT" name="Campus.CountryTest" tests="5" failures="0" timestamp="2023-05-01T20:28:49 EET" time="3.271" errors="0">
  <testcase name="createCountry" time="1.364" classname="Campus.CountryTest"/>
  <system-out/>
  <testcase name="updateCountry" time="0.562" classname="Campus.CountryTest"/>
  <system-out/>
  <testcase name="createCountryNegative" time="0.473" classname="Campus.CountryTest"/>
  <system-out/>
  <testcase name="deleteCountryNegative" time="0.321" classname="Campus.CountryTest"/>
  <system-out/>
  <testcase name="deleteCountry" time="0.551" classname="Campus.CountryTest"/>
  <system-out/>
</testsuite> <!-- Campus.CountryTest -->
